<?xml version="1.0" encoding="UTF-8"?>
<coverage generated="1566414465941" clover="3.2.0">
  <project timestamp="1566414465942" name="All files">
    <metrics statements="143" coveredstatements="125" conditionals="55" coveredconditionals="43" methods="37" coveredmethods="26" elements="235" coveredelements="194" complexity="0" loc="143" ncloc="143" packages="11" files="13" classes="13">
      <package name="src">
        <metrics statements="3" coveredstatements="3" conditionals="20" coveredconditionals="20" methods="0" coveredmethods="0"/>
        <file name="config.js" path="/home/travis/build/dojot/backstage/src/config.js">
          <metrics statements="3" coveredstatements="3" conditionals="20" coveredconditionals="20" methods="0" coveredmethods="0"/>
          <line num="1" count="3" type="stmt"/>
          <line num="7" count="3" type="stmt"/>
          <line num="18" count="3" type="stmt"/>
        </file>
      </package>
      <package name="src.db">
        <metrics statements="4" coveredstatements="4" conditionals="0" coveredconditionals="0" methods="0" coveredmethods="0"/>
        <file name="index.js" path="/home/travis/build/dojot/backstage/src/db/index.js">
          <metrics statements="4" coveredstatements="4" conditionals="0" coveredconditionals="0" methods="0" coveredmethods="0"/>
          <line num="1" count="1" type="stmt"/>
          <line num="2" count="1" type="stmt"/>
          <line num="4" count="1" type="stmt"/>
          <line num="12" count="1" type="stmt"/>
        </file>
      </package>
      <package name="src.graphql">
        <metrics statements="11" coveredstatements="11" conditionals="0" coveredconditionals="0" methods="0" coveredmethods="0"/>
        <file name="Schema.js" path="/home/travis/build/dojot/backstage/src/graphql/Schema.js">
          <metrics statements="11" coveredstatements="11" conditionals="0" coveredconditionals="0" methods="0" coveredmethods="0"/>
          <line num="1" count="1" type="stmt"/>
          <line num="2" count="1" type="stmt"/>
          <line num="3" count="1" type="stmt"/>
          <line num="4" count="1" type="stmt"/>
          <line num="5" count="1" type="stmt"/>
          <line num="8" count="1" type="stmt"/>
          <line num="19" count="1" type="stmt"/>
          <line num="20" count="1" type="stmt"/>
          <line num="22" count="1" type="stmt"/>
          <line num="24" count="1" type="stmt"/>
          <line num="25" count="1" type="stmt"/>
        </file>
      </package>
      <package name="src.graphql.auth.helpers">
        <metrics statements="19" coveredstatements="10" conditionals="4" coveredconditionals="1" methods="10" coveredmethods="3"/>
        <file name="PermissionsHelper.js" path="/home/travis/build/dojot/backstage/src/graphql/auth/helpers/PermissionsHelper.js">
          <metrics statements="19" coveredstatements="10" conditionals="4" coveredconditionals="1" methods="10" coveredmethods="3"/>
          <line num="1" count="1" type="stmt"/>
          <line num="2" count="1" type="stmt"/>
          <line num="11" count="1" type="stmt"/>
          <line num="12" count="1" type="stmt"/>
          <line num="13" count="1" type="stmt"/>
          <line num="14" count="2" type="cond" truecount="1" falsecount="1"/>
          <line num="15" count="2" type="stmt"/>
          <line num="16" count="3" type="stmt"/>
          <line num="21" count="1" type="stmt"/>
          <line num="25" count="0" type="stmt"/>
          <line num="26" count="0" type="cond" truecount="0" falsecount="2"/>
          <line num="35" count="0" type="stmt"/>
          <line num="36" count="0" type="stmt"/>
          <line num="37" count="0" type="stmt"/>
          <line num="42" count="0" type="stmt"/>
          <line num="47" count="0" type="stmt"/>
          <line num="51" count="0" type="stmt"/>
          <line num="55" count="0" type="stmt"/>
          <line num="59" count="1" type="stmt"/>
        </file>
      </package>
      <package name="src.graphql.common">
        <metrics statements="2" coveredstatements="2" conditionals="0" coveredconditionals="0" methods="0" coveredmethods="0"/>
        <file name="TypeDefs.js" path="/home/travis/build/dojot/backstage/src/graphql/common/TypeDefs.js">
          <metrics statements="2" coveredstatements="2" conditionals="0" coveredconditionals="0" methods="0" coveredmethods="0"/>
          <line num="1" count="1" type="stmt"/>
          <line num="10" count="1" type="stmt"/>
        </file>
      </package>
      <package name="src.graphql.template">
        <metrics statements="64" coveredstatements="57" conditionals="26" coveredconditionals="17" methods="14" coveredmethods="12"/>
        <file name="Resolvers.js" path="/home/travis/build/dojot/backstage/src/graphql/template/Resolvers.js">
          <metrics statements="62" coveredstatements="55" conditionals="26" coveredconditionals="17" methods="14" coveredmethods="12"/>
          <line num="1" count="2" type="stmt"/>
          <line num="2" count="2" type="stmt"/>
          <line num="3" count="2" type="stmt"/>
          <line num="5" count="2" type="stmt"/>
          <line num="8" count="2" type="stmt"/>
          <line num="9" count="4" type="stmt"/>
          <line num="11" count="8" type="stmt"/>
          <line num="13" count="2" type="stmt"/>
          <line num="14" count="2" type="stmt"/>
          <line num="15" count="24" type="cond" truecount="3" falsecount="1"/>
          <line num="16" count="24" type="cond" truecount="1" falsecount="1"/>
          <line num="17" count="24" type="stmt"/>
          <line num="20" count="0" type="stmt"/>
          <line num="23" count="2" type="stmt"/>
          <line num="33" count="2" type="stmt"/>
          <line num="35" count="2" type="stmt"/>
          <line num="36" count="2" type="stmt"/>
          <line num="39" count="8" type="stmt"/>
          <line num="40" count="12" type="cond" truecount="1" falsecount="1"/>
          <line num="41" count="0" type="stmt"/>
          <line num="42" count="0" type="stmt"/>
          <line num="43" count="0" type="stmt"/>
          <line num="45" count="12" type="stmt"/>
          <line num="49" count="2" type="cond" truecount="1" falsecount="1"/>
          <line num="50" count="2" type="stmt"/>
          <line num="51" count="2" type="cond" truecount="1" falsecount="1"/>
          <line num="52" count="2" type="stmt"/>
          <line num="53" count="12" type="cond" truecount="1" falsecount="1"/>
          <line num="54" count="12" type="stmt"/>
          <line num="55" count="12" type="stmt"/>
          <line num="57" count="0" type="stmt"/>
          <line num="59" count="2" type="stmt"/>
          <line num="60" count="2" type="stmt"/>
          <line num="62" count="2" type="cond" truecount="1" falsecount="1"/>
          <line num="63" count="2" type="stmt"/>
          <line num="64" count="2" type="stmt"/>
          <line num="67" count="2" type="cond" truecount="1" falsecount="1"/>
          <line num="68" count="12" type="stmt"/>
          <line num="69" count="2" type="stmt"/>
          <line num="72" count="2" type="stmt"/>
          <line num="80" count="0" type="stmt"/>
          <line num="93" count="2" type="stmt"/>
          <line num="94" count="2" type="stmt"/>
          <line num="95" count="2" type="stmt"/>
          <line num="96" count="2" type="stmt"/>
          <line num="97" count="6" type="stmt"/>
          <line num="98" count="6" type="stmt"/>
          <line num="99" count="6" type="stmt"/>
          <line num="102" count="6" type="stmt"/>
          <line num="103" count="6" type="cond" truecount="1" falsecount="1"/>
          <line num="104" count="6" type="stmt"/>
          <line num="105" count="26" type="cond" truecount="4" falsecount="0"/>
          <line num="106" count="22" type="stmt"/>
          <line num="107" count="22" type="cond" truecount="2" falsecount="0"/>
          <line num="108" count="12" type="stmt"/>
          <line num="115" count="6" type="stmt"/>
          <line num="116" count="6" type="stmt"/>
          <line num="119" count="0" type="stmt"/>
          <line num="121" count="6" type="stmt"/>
          <line num="124" count="2" type="stmt"/>
          <line num="125" count="2" type="stmt"/>
          <line num="130" count="2" type="stmt"/>
        </file>
        <file name="TypeDefs.js" path="/home/travis/build/dojot/backstage/src/graphql/template/TypeDefs.js">
          <metrics statements="2" coveredstatements="2" conditionals="0" coveredconditionals="0" methods="0" coveredmethods="0"/>
          <line num="1" count="1" type="stmt"/>
          <line num="56" count="1" type="stmt"/>
        </file>
      </package>
      <package name="src.graphql.utils">
        <metrics statements="6" coveredstatements="4" conditionals="1" coveredconditionals="1" methods="4" coveredmethods="2"/>
        <file name="AxiosUtils.js" path="/home/travis/build/dojot/backstage/src/graphql/utils/AxiosUtils.js">
          <metrics statements="6" coveredstatements="4" conditionals="1" coveredconditionals="1" methods="4" coveredmethods="2"/>
          <line num="1" count="2" type="stmt"/>
          <line num="5" count="8" type="stmt"/>
          <line num="9" count="0" type="stmt"/>
          <line num="13" count="0" type="stmt"/>
          <line num="17" count="8" type="stmt"/>
          <line num="25" count="2" type="stmt"/>
        </file>
      </package>
      <package name="src.services">
        <metrics statements="14" coveredstatements="14" conditionals="4" coveredconditionals="4" methods="5" coveredmethods="5"/>
        <file name="TemplatesService.js" path="/home/travis/build/dojot/backstage/src/services/TemplatesService.js">
          <metrics statements="14" coveredstatements="14" conditionals="4" coveredconditionals="4" methods="5" coveredmethods="5"/>
          <line num="1" count="1" type="stmt"/>
          <line num="3" count="4" type="stmt"/>
          <line num="4" count="4" type="stmt"/>
          <line num="6" count="4" type="cond" truecount="2" falsecount="0"/>
          <line num="7" count="1" type="stmt"/>
          <line num="12" count="3" type="stmt"/>
          <line num="17" count="4" type="stmt"/>
          <line num="19" count="2" type="stmt"/>
          <line num="20" count="2" type="stmt"/>
          <line num="21" count="18" type="cond" truecount="2" falsecount="0"/>
          <line num="25" count="2" type="stmt"/>
          <line num="28" count="1" type="stmt"/>
          <line num="31" count="1" type="stmt"/>
          <line num="34" count="1" type="stmt"/>
        </file>
      </package>
      <package name="src.tests.apiMock">
        <metrics statements="4" coveredstatements="4" conditionals="0" coveredconditionals="0" methods="0" coveredmethods="0"/>
        <file name="template.js" path="/home/travis/build/dojot/backstage/src/tests/apiMock/template.js">
          <metrics statements="4" coveredstatements="4" conditionals="0" coveredconditionals="0" methods="0" coveredmethods="0"/>
          <line num="1" count="2" type="stmt"/>
          <line num="70" count="2" type="stmt"/>
          <line num="259" count="2" type="stmt"/>
          <line num="510" count="2" type="stmt"/>
        </file>
      </package>
      <package name="src.tests.graphql.test-cases.template">
        <metrics statements="12" coveredstatements="12" conditionals="0" coveredconditionals="0" methods="4" coveredmethods="4"/>
        <file name="GetTemplate.js" path="/home/travis/build/dojot/backstage/src/tests/graphql/test-cases/template/GetTemplate.js">
          <metrics statements="5" coveredstatements="5" conditionals="0" coveredconditionals="0" methods="1" coveredmethods="1"/>
          <line num="1" count="1" type="stmt"/>
          <line num="2" count="1" type="stmt"/>
          <line num="4" count="1" type="stmt"/>
          <line num="224" count="1" type="stmt"/>
          <line num="228" count="1" type="stmt"/>
        </file>
        <file name="TemplatesHasImageFirmware.js" path="/home/travis/build/dojot/backstage/src/tests/graphql/test-cases/template/TemplatesHasImageFirmware.js">
          <metrics statements="7" coveredstatements="7" conditionals="0" coveredconditionals="0" methods="3" coveredmethods="3"/>
          <line num="1" count="1" type="stmt"/>
          <line num="2" count="1" type="stmt"/>
          <line num="4" count="1" type="stmt"/>
          <line num="35" count="1" type="stmt"/>
          <line num="36" count="1" type="stmt"/>
          <line num="37" count="1" type="stmt"/>
          <line num="41" count="1" type="stmt"/>
        </file>
      </package>
      <package name="src.utils">
        <metrics statements="4" coveredstatements="4" conditionals="0" coveredconditionals="0" methods="0" coveredmethods="0"/>
        <file name="Log.js" path="/home/travis/build/dojot/backstage/src/utils/Log.js">
          <metrics statements="4" coveredstatements="4" conditionals="0" coveredconditionals="0" methods="0" coveredmethods="0"/>
          <line num="1" count="2" type="stmt"/>
          <line num="3" count="2" type="stmt"/>
          <line num="7" count="2" type="stmt"/>
          <line num="9" count="2" type="stmt"/>
        </file>
      </package>
    </metrics>
  </project>
</coverage>
